\BOOKMARK [1][-]{section.0.1}{\376\377\000M\000i\000n\000i\000I\000m\000p}{}% 1
\BOOKMARK [2][-]{subsection.0.1.1}{\376\377\000P\000a\000r\000s\000i\000n\000g\000\040\000C\000o\000n\000f\000l\000i\000c\000t\000s}{section.0.1}% 2
\BOOKMARK [1][-]{section.0.2}{\376\377\000M\000i\000n\000i\000F\000u\000n}{}% 3
\BOOKMARK [1][-]{section.0.3}{\376\377\000M\000i\000n\000i\000t\000y\000f\000u\000n}{}% 4
\BOOKMARK [2][-]{subsection.0.3.1}{\376\377\000M\000i\000s\000s\000i\000n\000g\000\040\000R\000u\000l\000e\000s}{section.0.3}% 5
\BOOKMARK [2][-]{subsection.0.3.2}{\376\377\000T\000y\000p\000e\000\040\000c\000h\000e\000c\000k\000i\000n\000g}{section.0.3}% 6
\BOOKMARK [2][-]{subsection.0.3.3}{\376\377\000P\000a\000r\000s\000i\000n\000g\000\040\000C\000o\000n\000f\000l\000i\000c\000t\000s}{section.0.3}% 7
\BOOKMARK [1][-]{section.0.4}{\376\377\000C\000o\000n\000t\000r\000o\000l\000-\000F\000l\000o\000w\000\040\000G\000r\000a\000p\000h\000s}{}% 8
\BOOKMARK [2][-]{subsection.0.4.1}{\376\377\000A\000l\000m\000o\000s\000t\000\040\000M\000a\000x\000i\000m\000a\000l\000\040\000B\000l\000o\000c\000k\000\040\000C\000F\000G}{section.0.4}% 9
\BOOKMARK [2][-]{subsection.0.4.2}{\376\377\000M\000i\000n\000i\000I\000m\000p\000\040\000C\000F\000G\000\040\000t\000o\000\040\000M\000i\000n\000i\000R\000I\000S\000C\000\040\000C\000F\000G}{section.0.4}% 10
\BOOKMARK [1][-]{section.0.5}{\376\377\000S\000t\000a\000t\000i\000c\000\040\000A\000n\000a\000l\000y\000s\000e\000s}{}% 11
\BOOKMARK [2][-]{subsection.0.5.1}{\376\377\000N\000o\000n\000-\000m\000i\000n\000i\000m\000a\000l\000\040\000C\000F\000G}{section.0.5}% 12
\BOOKMARK [1][-]{section.0.6}{\376\377\000M\000i\000n\000i\000R\000I\000S\000C}{}% 13
\BOOKMARK [2][-]{subsection.0.6.1}{\376\377\000R\000e\000g\000i\000s\000t\000e\000r\000s\000\040\000a\000n\000d\000\040\000L\000a\000b\000e\000l\000s}{section.0.6}% 14
\BOOKMARK [2][-]{subsection.0.6.2}{\376\377\000H\000a\000n\000d\000l\000i\000n\000g\000\040\000g\000u\000a\000r\000d\000s}{section.0.6}% 15
\BOOKMARK [2][-]{subsection.0.6.3}{\376\377\000O\000p\000t\000i\000m\000i\000z\000a\000t\000i\000o\000n}{section.0.6}% 16
\BOOKMARK [2][-]{subsection.0.6.4}{\376\377\000T\000r\000a\000n\000s\000l\000a\000t\000i\000n\000g\000\040\000t\000h\000e\000\040\000C\000F\000G\000\040\000t\000o\000\040\000o\000r\000d\000e\000r\000e\000d\000\040\000c\000o\000d\000e}{section.0.6}% 17
\BOOKMARK [1][-]{section.0.7}{\376\377\000H\000o\000w\000\040\000t\000o\000\040\000u\000s\000e}{}% 18
\BOOKMARK [2][-]{subsection.0.7.1}{\376\377\000M\000i\000n\000i\000F\000u\000n\000\040\000i\000n\000t\000e\000r\000p\000r\000e\000t\000e\000r}{section.0.7}% 19
\BOOKMARK [2][-]{subsection.0.7.2}{\376\377\000M\000i\000n\000i\000T\000y\000F\000u\000n}{section.0.7}% 20
\BOOKMARK [2][-]{subsection.0.7.3}{\376\377\000M\000i\000n\000i\000I\000m\000p}{section.0.7}% 21
\BOOKMARK [2][-]{subsection.0.7.4}{\376\377\000T\000a\000r\000g\000e\000t\000\040\000C\000o\000d\000e}{section.0.7}% 22
\BOOKMARK [2][-]{subsection.0.7.5}{\376\377\000D\000o\000t\000\040\000g\000r\000a\000p\000h\000s}{section.0.7}% 23
